<?xml version="1.0" encoding="UTF-8"?>
<!-- Generated by org.testng.reporters.JUnitXMLReporter -->
<testsuite hostname="Paramjeets-MacBook-Air.local" ignored="0" name="Test" tests="3" failures="0" timestamp="2021-01-19T20:17:27 EST" time="786.658" errors="0">
  <testcase name="homepage1" time="250.09" classname="com.dollardays.testcases.TC_Homepage1"/>
  <testcase name="homepage2" time="191.944" classname="com.dollardays.testcases.TC_Homepage1"/>
  <testcase name="footer" time="321.643" classname="com.dollardays.testcases.TC_Homepage1"/>
</testsuite> <!-- Test -->
